Starting Skyward Reborn at [Wed May 04 18:05:35 2011]
(WARNING) [Wed May 04 18:05:36 2011]: An empty line was found in the tile definitions file. Skipping.
(WARNING) [Wed May 04 18:05:56 2011]: An empty line was found in the map shell file. Skipping.
(WARNING) [Wed May 04 18:08:25 2011]: An empty line was found in the map shell file. Skipping.
(WARNING) [Wed May 04 18:10:35 2011]: An empty line was found in the map shell file. Skipping.
(WARNING) [Wed May 04 18:10:36 2011]: An empty line was found in the map shell file. Skipping.
(WARNING) [Wed May 04 18:10:38 2011]: An empty line was found in the map shell file. Skipping.
Starting Skyward Reborn at [Wed May 04 18:30:56 2011]
(WARNING) [Wed May 04 18:30:57 2011]: An empty line was found in the tile definitions file. Skipping.
Starting Skyward Reborn at [Fri May 06 18:08:38 2011]
(WARNING) [Fri May 06 18:08:38 2011]: An empty line was found in the tile definitions file. Skipping.
Starting Skyward Reborn at [Fri May 06 18:08:43 2011]
(WARNING) [Fri May 06 18:08:44 2011]: An empty line was found in the tile definitions file. Skipping.
Starting Skyward Reborn at [Fri May 06 18:18:54 2011]
(WARNING) [Fri May 06 18:18:55 2011]: An empty line was found in the tile definitions file. Skipping.
Starting Skyward Reborn at [Fri May 06 18:19:27 2011]
(WARNING) [Fri May 06 18:19:28 2011]: An empty line was found in the tile definitions file. Skipping.
Starting Skyward Reborn at [Fri May 06 18:19:35 2011]
(WARNING) [Fri May 06 18:19:36 2011]: An empty line was found in the tile definitions file. Skipping.
Starting Skyward Reborn at [Fri May 06 18:20:36 2011]
(WARNING) [Fri May 06 18:20:37 2011]: An empty line was found in the tile definitions file. Skipping.
(ERROR) [Fri May 06 18:21:10 2011]: An Exception of type ConfigFileException occured: Could not find proper map shell with header: m(-1,0):
(WARNING) [Fri May 06 18:21:16 2011]: An empty line was found in the map shell file. Skipping.
Starting Skyward Reborn at [Fri May 06 18:49:14 2011]
(WARNING) [Fri May 06 18:49:15 2011]: An empty line was found in the tile definitions file. Skipping.
Starting Skyward Reborn at [Fri May 06 18:49:25 2011]
(WARNING) [Fri May 06 18:49:26 2011]: An empty line was found in the tile definitions file. Skipping.
Starting Skyward Reborn at [Fri May 06 18:51:23 2011]
(WARNING) [Fri May 06 18:51:24 2011]: An empty line was found in the tile definitions file. Skipping.
Starting Skyward Reborn at [Fri May 06 23:14:48 2011]
(WARNING) [Fri May 06 23:14:49 2011]: An empty line was found in the tile definitions file. Skipping.
Starting Skyward Reborn at [Sat May 07 00:13:42 2011]
(WARNING) [Sat May 07 00:13:43 2011]: An empty line was found in the tile definitions file. Skipping.
Starting Skyward Reborn at [Sat May 07 00:25:28 2011]
(WARNING) [Sat May 07 00:25:29 2011]: An empty line was found in the tile definitions file. Skipping.
Starting Skyward Reborn at [Sat May 07 00:30:48 2011]
(WARNING) [Sat May 07 00:30:49 2011]: An empty line was found in the tile definitions file. Skipping.
(WARNING) [Sat May 07 00:31:01 2011]: An empty line was found in the map shell file. Skipping.
Starting Skyward Reborn at [Sat May 07 00:31:15 2011]
(WARNING) [Sat May 07 00:31:16 2011]: An empty line was found in the tile definitions file. Skipping.
